C:\PRAK2\HMM5\HMM5\RELEASE\ARMIES.OBJ
c:\prak2\HMM5\HMM5\Release\cl.command.1.tlog
c:\prak2\HMM5\HMM5\Release\CL.read.1.tlog
c:\prak2\HMM5\HMM5\Release\CL.write.1.tlog
C:\PRAK2\HMM5\HMM5\RELEASE\COORDS.OBJ
C:\PRAK2\HMM5\HMM5\RELEASE\FABRICS.OBJ
C:\PRAK2\HMM5\HMM5\RELEASE\FIELDS.OBJ
C:\PRAK2\HMM5\HMM5\RELEASE\GENERATORS.OBJ
C:\PRAK2\HMM5\HMM5\RELEASE\HANDLERS.OBJ
C:\PRAK2\HMM5\HMM5\RELEASE\HEROES.OBJ
C:\PRAK2\HMM5\HMM5\RELEASE\HMM.OBJ
C:\PRAK2\HMM5\HMM5\RELEASE\HMM5.EXE.INTERMEDIATE.MANIFEST
c:\prak2\HMM5\HMM5\Release\HMM5.write.1.tlog
c:\prak2\HMM5\HMM5\Release\link.command.1.tlog
c:\prak2\HMM5\HMM5\Release\link.read.1.tlog
c:\prak2\HMM5\HMM5\Release\link.write.1.tlog
c:\prak2\HMM5\HMM5\Release\mt.command.1.tlog
c:\prak2\HMM5\HMM5\Release\mt.read.1.tlog
c:\prak2\HMM5\HMM5\Release\mt.write.1.tlog
C:\PRAK2\HMM5\HMM5\RELEASE\PARSERS.OBJ
C:\PRAK2\HMM5\HMM5\RELEASE\TOWNS.OBJ
C:\PRAK2\HMM5\HMM5\RELEASE\UNITS.OBJ
C:\PRAK2\HMM5\HMM5\RELEASE\VC100.PDB
C:\PRAK2\HMM5\HMM5\RELEASE\WEAPON.OBJ
C:\PRAK2\HMM5\RELEASE\HMM5.EXE
c:\prak2\HMM5\Release\HMM5.exp
c:\prak2\HMM5\Release\HMM5.lib
C:\PRAK2\HMM5\RELEASE\HMM5.PDB
