Построение начато 02.06.2012 12:48:31.
     1>Проект "E:\HMM5\HMM5\HMM5.vcxproj" в узле 2 (целевые объекты Rebuild).
         C:\Program Files\Microsoft Visual Studio 11.0\VC\bin\CL.exe /c /ZI /nologo /W3 /WX- /Od /Oy- /D _MBCS /Gm /EHsc /RTC1 /MDd /GS /fp:precise /Zc:wchar_t /Zc:forScope /Fo"Debug\\" /Fd"Debug\vc110.pdb" /Gd /TP /analyze- /errorReport:prompt armies.cpp coords.cpp fabrics.cpp fields.cpp handlers.cpp heroes.cpp HMM.cpp parsers.cpp generators.cpp towns.cpp units.cpp weapon.cpp
         weapon.cpp
         units.cpp
         towns.cpp
         generators.cpp
         parsers.cpp
         HMM.cpp
         heroes.cpp
         handlers.cpp
         fields.cpp
         fabrics.cpp
         coords.cpp
         armies.cpp
         Создание кода...
         C:\Program Files\Microsoft Visual Studio 11.0\VC\bin\link.exe /ERRORREPORT:PROMPT /OUT:"E:\HMM5\Debug\HMM5.exe" /INCREMENTAL /NOLOGO kernel32.lib user32.lib gdi32.lib winspool.lib comdlg32.lib advapi32.lib shell32.lib ole32.lib oleaut32.lib uuid.lib odbc32.lib odbccp32.lib /MANIFEST /MANIFESTUAC:"level='asInvoker' uiAccess='false'" /manifest:embed /DEBUG /PDB:"E:\HMM5\Debug\HMM5.pdb" /TLBID:1 /DYNAMICBASE /NXCOMPAT /IMPLIB:"E:\HMM5\Debug\HMM5.lib" /MACHINE:X86 /PROFILE Debug\armies.obj
         Debug\coords.obj
         Debug\fabrics.obj
         Debug\fields.obj
         Debug\handlers.obj
         Debug\heroes.obj
         Debug\HMM.obj
         Debug\parsers.obj
         Debug\generators.obj
         Debug\towns.obj
         Debug\units.obj
         Debug\weapon.obj
     1>LINK : warning LNK4075: не учитывается "/INCREMENTAL" из-за спецификации "/PROFILE"
     1>armies.obj : warning LNK4075: не учитывается "/EDITANDCONTINUE" из-за спецификации "/OPT:LBR"
         HMM5.vcxproj -> E:\HMM5\Debug\HMM5.exe
     1>Построение проекта "E:\HMM5\HMM5\HMM5.vcxproj" завершено (целевые объекты Rebuild).

Построение успешно завершено.

Затраченное время: 00:00:12.62
