C:\PRAK2\HMM5\DEBUG\HMM5.EXE
c:\prak2\HMM5\Debug\HMM5.exp
c:\prak2\HMM5\Debug\HMM5.lib
C:\PRAK2\HMM5\DEBUG\HMM5.PDB
C:\PRAK2\HMM5\HMM5\DEBUG\ARMIES.OBJ
C:\PRAK2\HMM5\HMM5\DEBUG\COORDS.OBJ
C:\PRAK2\HMM5\HMM5\DEBUG\FABRICS.OBJ
C:\PRAK2\HMM5\HMM5\DEBUG\FIELDS.OBJ
C:\PRAK2\HMM5\HMM5\DEBUG\GENERATORS.OBJ
C:\PRAK2\HMM5\HMM5\DEBUG\HANDLERS.OBJ
C:\PRAK2\HMM5\HMM5\DEBUG\HEROES.OBJ
C:\PRAK2\HMM5\HMM5\DEBUG\HMM.OBJ
C:\PRAK2\HMM5\HMM5\DEBUG\HMM5.EXE.INTERMEDIATE.MANIFEST
C:\PRAK2\HMM5\HMM5\DEBUG\PARSERS.OBJ
C:\PRAK2\HMM5\HMM5\DEBUG\TOWNS.OBJ
C:\PRAK2\HMM5\HMM5\DEBUG\UNITS.OBJ
C:\PRAK2\HMM5\HMM5\DEBUG\VC100.PDB
C:\PRAK2\HMM5\HMM5\DEBUG\WEAPON.OBJ
E:\HMM5\Debug\HMM5.pdb
E:\HMM5\HMM5\DEBUG\ARMIES.OBJ
E:\HMM5\HMM5\Debug\cl.command.1.tlog
E:\HMM5\HMM5\Debug\CL.read.1.tlog
E:\HMM5\HMM5\Debug\CL.write.1.tlog
E:\HMM5\HMM5\DEBUG\COORDS.OBJ
E:\HMM5\HMM5\DEBUG\FABRICS.OBJ
E:\HMM5\HMM5\DEBUG\FIELDS.OBJ
E:\HMM5\HMM5\DEBUG\GENERATORS.OBJ
E:\HMM5\HMM5\DEBUG\HANDLERS.OBJ
E:\HMM5\HMM5\DEBUG\HEROES.OBJ
E:\HMM5\HMM5\DEBUG\HMM.OBJ
E:\HMM5\HMM5\Debug\HMM5.exe.intermediate.manifest
E:\HMM5\HMM5\Debug\HMM5.write.1.tlog
E:\HMM5\HMM5\Debug\link.command.1.tlog
E:\HMM5\HMM5\Debug\link.read.1.tlog
E:\HMM5\HMM5\Debug\link.write.1.tlog
E:\HMM5\HMM5\Debug\link-cvtres.read.1.tlog
E:\HMM5\HMM5\Debug\link-cvtres.write.1.tlog
E:\HMM5\HMM5\Debug\link-rc.read.1.tlog
E:\HMM5\HMM5\Debug\link-rc.write.1.tlog
E:\HMM5\HMM5\Debug\mt.command.1.tlog
E:\HMM5\HMM5\Debug\mt.read.1.tlog
E:\HMM5\HMM5\Debug\mt.write.1.tlog
E:\HMM5\HMM5\DEBUG\PARSERS.OBJ
E:\HMM5\HMM5\DEBUG\TOWNS.OBJ
E:\HMM5\HMM5\DEBUG\UNITS.OBJ
E:\HMM5\HMM5\Debug\vc100.idb
E:\HMM5\HMM5\Debug\vc100.pdb
E:\HMM5\HMM5\Debug\vc110.idb
E:\HMM5\HMM5\DEBUG\VC110.PDB
E:\HMM5\HMM5\DEBUG\WEAPON.OBJ
